<?xml version="1.0" encoding="UTF-8"?>
<testng-results skipped="0" failed="0" total="1" passed="1">
  <reporter-output>
  </reporter-output>
  <suite name="Default suite" duration-ms="646" started-at="2018-03-16T05:19:55Z" finished-at="2018-03-16T05:19:55Z">
    <groups>
      <group name="cucumber">
        <method signature="TestRunner.feature(cucumber.api.testng.CucumberFeatureWrapper)[pri:0, instance:TestRunner@5e5792a0]" name="feature" class="TestRunner"/>
      </group> <!-- cucumber -->
    </groups>
    <test name="Default test" duration-ms="646" started-at="2018-03-16T05:19:55Z" finished-at="2018-03-16T05:19:55Z">
      <class name="TestRunner">
        <test-method status="PASS" signature="setUpClass()[pri:0, instance:TestRunner@5e5792a0]" name="setUpClass" is-config="true" duration-ms="344" started-at="2018-03-16T16:19:55Z" finished-at="2018-03-16T16:19:55Z">
          <reporter-output>
          </reporter-output>
        </test-method> <!-- setUpClass -->
        <test-method status="PASS" signature="feature(cucumber.api.testng.CucumberFeatureWrapper)[pri:0, instance:TestRunner@5e5792a0]" name="feature" duration-ms="163" started-at="2018-03-16T16:19:55Z" description="Runs Cucumber Feature" data-provider="features" finished-at="2018-03-16T16:19:55Z">
          <params>
            <param index="0">
              <value>
                <![CDATA[Update Profile]]>
              </value>
            </param>
          </params>
          <reporter-output>
          </reporter-output>
        </test-method> <!-- feature -->
        <test-method status="PASS" signature="tearDownClass()[pri:0, instance:TestRunner@5e5792a0]" name="tearDownClass" is-config="true" duration-ms="22" started-at="2018-03-16T16:19:55Z" finished-at="2018-03-16T16:19:55Z">
          <reporter-output>
          </reporter-output>
        </test-method> <!-- tearDownClass -->
      </class> <!-- TestRunner -->
    </test> <!-- Default test -->
  </suite> <!-- Default suite -->
</testng-results>
